#
# A fatal error has been detected by the Java Runtime Environment:
#
#  EXCEPTION_ACCESS_VIOLATION (0xc0000005) at pc=0x00007ffd54e284eb, pid=29056, tid=29300
#
# JRE version: OpenJDK Runtime Environment (11.0.2+9) (build 11.0.2+9)
# Java VM: OpenJDK 64-Bit Server VM (11.0.2+9, mixed mode, tiered, compressed oops, g1 gc, windows-amd64)
# Problematic frame:
# V  [jvm.dll+0x6b84eb]
#
# No core dump will be written. Minidumps are not enabled by default on client versions of Windows
#
# If you would like to submit a bug report, please visit:
#   http://bugreport.java.com/bugreport/crash.jsp
#

---------------  S U M M A R Y ------------

Command Line: -agentlib:jdwp=transport=dt_socket,address=127.0.0.1:58818,suspend=y,server=n -javaagent:C:\Users\myshl\AppData\Local\JetBrains\IdeaIC2025.2\captureAgent\debugger-agent.jar=file:///C:/Users/myshl/AppData/Local/Temp/capture13921814678151164130.props -ea -agentpath:C:\Users\myshl\AppData\Local\Temp\idea_libasyncProfiler_dll_temp_folder\libasyncProfiler.dll=version,jfr,event=wall,interval=10ms,cstack=no,file=C:\Users\myshl\IdeaSnapshots\PobedaTest_2025_12_07_201433.jfr,dbghelppath=C:\Users\myshl\AppData\Local\Temp\idea_dbghelp_dll_temp_folder1\dbghelp.dll,log=C:\Users\myshl\AppData\Local\Temp\PobedaTest_2025_12_07_201433.jfr.log.txt,logLevel=DEBUG -Didea.test.cyclic.buffer.size=1048576 -Dkotlinx.coroutines.debug.enable.creation.stack.trace=false -Ddebugger.agent.enable.coroutines=true -Dkotlinx.coroutines.debug.enable.flows.stack.trace=true -Dkotlinx.coroutines.debug.enable.mutable.state.flows.stack.trace=true -Dfile.encoding=UTF-8 com.intellij.rt.junit.JUnitStarter -ideVersion5 -junit5 Pobeda.PobedaTest

Host: AMD Ryzen 5 5600H with Radeon Graphics         , 12 cores, 15G,  Windows 10 , 64 bit Build 26100 (10.0.26100.7019)
Time: Sun Dec  7 20:17:22 2025 RTZ 2 (зима) elapsed time: 169 seconds (0d 0h 2m 49s)

---------------  T H R E A D  ---------------

Current thread (0x000001fbfd436000):  VMThread "VM Thread" [stack: 0x00000033eb500000,0x00000033eb600000] [id=29300]

Stack: [0x00000033eb500000,0x00000033eb600000],  sp=0x00000033eb5fe8d0,  free space=1018k
Native frames: (J=compiled Java code, j=interpreted, Vv=VM code, C=native code)
V  [jvm.dll+0x6b84eb]
V  [jvm.dll+0x341ba3]
V  [jvm.dll+0x343b0f]
V  [jvm.dll+0x34436e]
V  [jvm.dll+0x34180c]
V  [jvm.dll+0x340ab2]
V  [jvm.dll+0x623b25]
V  [jvm.dll+0x6238ad]
V  [jvm.dll+0x5e942a]
V  [jvm.dll+0x5012e7]
V  [jvm.dll+0x77a02c]
V  [jvm.dll+0x7784e7]
V  [jvm.dll+0x778d10]
V  [jvm.dll+0x77901f]
V  [jvm.dll+0x633942]
C  [ucrtbase.dll+0x37b0]
C  [KERNEL32.DLL+0x2e8d7]
C  [ntdll.dll+0x8c53c]


siginfo: EXCEPTION_ACCESS_VIOLATION (0xc0000005), reading address 0xffffffffffffffff


Register to memory mapping:

RIP=0x00007ffd54e284eb jvm.dll
RAX=0x00000033eb5fe960 points into unknown readable memory: ff ff ff 2f 00 00 00 00
RBX=0x00000033eb5fe930 points into unknown readable memory: 38 2b ff 54 fd 7f 00 00
RCX=0x0 is NULL
RDX=0x0c640a01010c0901 is an unknown value
RSP=0x00000033eb5fe8d0 points into unknown readable memory: 30 e9 5f eb 33 00 00 00
RBP=0x00000033eb5fee40 points into unknown readable memory: 38 00 3f fd fb 01 00 00
RSI=0x0 is NULL
RDI=0x0c640a01010c0901 is an unknown value
R8 =0x0 is NULL
R9 =0x000001fbff87e700 is pointing into metadata
R10=0x00007ffd54770000 jvm.dll
R11=0x00000033eb5fed90 points into unknown readable memory: 10 ee 5f eb 33 00 00 00
R12=0x000001fbfd3efd10 points into unknown readable memory: 00 eb 02 55 00 00 00 00
R13=0x0 is NULL
R14=0x000001fbff87edd5 is pointing into metadata
R15=0x0000000000000021 is an unknown value


Registers:
RAX=0x00000033eb5fe960, RBX=0x00000033eb5fe930, RCX=0x0000000000000000, RDX=0x0c640a01010c0901
RSP=0x00000033eb5fe8d0, RBP=0x00000033eb5fee40, RSI=0x0000000000000000, RDI=0x0c640a01010c0901
R8 =0x0000000000000000, R9 =0x000001fbff87e700, R10=0x00007ffd54770000, R11=0x00000033eb5fed90
R12=0x000001fbfd3efd10, R13=0x0000000000000000, R14=0x000001fbff87edd5, R15=0x0000000000000021
RIP=0x00007ffd54e284eb, EFLAGS=0x0000000000010246

Top of Stack: (sp=0x00000033eb5fe8d0)
0x00000033eb5fe8d0:   00000033eb5fe930 0000000000000100
0x00000033eb5fe8e0:   000001fbd6ef4374 00007ffd54e289f8
0x00000033eb5fe8f0:   0000000000000001 00007ffd54ab1ba3
0x00000033eb5fe900:   0000000000000000 00000033eb5fefb0
0x00000033eb5fe910:   00000033eb5feee0 00007ffd54e2822a
0x00000033eb5fe920:   00000033eb5fe980 00000033eb5fea20
0x00000033eb5fe930:   00007ffd54ff2b38 0c640a01010c0901
0x00000033eb5fe940:   0000000000000000 00007ffd00000004
0x00000033eb5fe950:   00000033eb5fe960 0000003300000000
0x00000033eb5fe960:   000000002fffffff 00007ffdc12c984c
0x00000033eb5fe970:   4fffffff4fffffff 0000000000000000
0x00000033eb5fe980:   00000033eb5feb30 00000000ffffffff
0x00000033eb5fe990:   0000000000000003 00007ffd0000000e
0x00000033eb5fe9a0:   00000033eb000000 0000000000000001
0x00000033eb5fe9b0:   00008277f1a908c3 00007ffd54e289f8
0x00000033eb5fe9c0:   0000000000008000 0000000000000000 

Instructions: (pc=0x00007ffd54e284eb)
0x00007ffd54e284cb:   cc cc cc cc cc 40 53 48 83 ec 20 c7 41 10 00 00
0x00007ffd54e284db:   00 00 48 8b d9 48 89 7c 24 38 48 8b 79 08 33 c9
0x00007ffd54e284eb:   80 7f 06 28 74 26 44 8d 49 28 8d 51 35 48 8d 0d
0x00007ffd54e284fb:   a1 8b 21 00 4c 8d 05 8a 8b 21 00 e8 b5 63 ba ff 


Stack slot to memory mapping:
stack at sp + 0 slots: 0x00000033eb5fe930 points into unknown readable memory: 38 2b ff 54 fd 7f 00 00
stack at sp + 1 slots: 0x0000000000000100 is an unknown value
stack at sp + 2 slots: 0x000001fbd6ef4374 points into unknown readable memory: 00 00 00 c0
stack at sp + 3 slots: 0x00007ffd54e289f8 jvm.dll
stack at sp + 4 slots: 0x0000000000000001 is an unknown value
stack at sp + 5 slots: 0x00007ffd54ab1ba3 jvm.dll
stack at sp + 6 slots: 0x0 is NULL
stack at sp + 7 slots: 0x00000033eb5fefb0 points into unknown readable memory: 08 07 03 55 fd 7f 00 00

VM_Operation (0x00000033ebeff620): GetOrSetLocal, mode: safepoint, requested by thread 0x000001fbfe09e000


---------------  P R O C E S S  ---------------

Threads class SMR info:
_java_thread_list=0x000001fb81d2f3c0, length=30, elements={
0x000001fbd9649000, 0x000001fbfd461000, 0x000001fbfd462000, 0x000001fbfd4c3800,
0x000001fbfd4c7000, 0x000001fbfd4c8000, 0x000001fbfd4c9000, 0x000001fbfd4ca000,
0x000001fbfd645800, 0x000001fbfe09e000, 0x000001fbfe0ce800, 0x000001fbfe0cf800,
0x000001fbfe0b2000, 0x000001fbfe2aa800, 0x000001fbff3d7000, 0x000001fb8049b000,
0x000001fbff60b000, 0x000001fbff61b000, 0x000001fbff554800, 0x000001fb80522000,
0x000001fbfe320000, 0x000001fbfe31e000, 0x000001fbfe322800, 0x000001fbfe321000,
0x000001fbfe323800, 0x000001fb82161800, 0x000001fb82162000, 0x000001fb82164800,
0x000001fb82163000, 0x000001fb82165800
}

Java Threads: ( => current thread )
  0x000001fbd9649000 JavaThread "main" [_thread_blocked, id=29052, stack(0x00000033eaf00000,0x00000033eb000000)]
  0x000001fbfd461000 JavaThread "Reference Handler" daemon [_thread_blocked, id=29448, stack(0x00000033eb600000,0x00000033eb700000)]
  0x000001fbfd462000 JavaThread "Finalizer" daemon [_thread_blocked, id=30072, stack(0x00000033eb700000,0x00000033eb800000)]
  0x000001fbfd4c3800 JavaThread "Signal Dispatcher" daemon [_thread_blocked, id=26868, stack(0x00000033eb800000,0x00000033eb900000)]
  0x000001fbfd4c7000 JavaThread "Attach Listener" daemon [_thread_blocked, id=29108, stack(0x00000033eb900000,0x00000033eba00000)]
  0x000001fbfd4c8000 JavaThread "C2 CompilerThread0" daemon [_thread_blocked, id=28928, stack(0x00000033eba00000,0x00000033ebb00000)]
  0x000001fbfd4c9000 JavaThread "C1 CompilerThread0" daemon [_thread_blocked, id=29416, stack(0x00000033ebb00000,0x00000033ebc00000)]
  0x000001fbfd4ca000 JavaThread "Sweeper thread" daemon [_thread_blocked, id=28744, stack(0x00000033ebc00000,0x00000033ebd00000)]
  0x000001fbfd645800 JavaThread "Common-Cleaner" daemon [_thread_blocked, id=29160, stack(0x00000033ebd00000,0x00000033ebe00000)]
  0x000001fbfe09e000 JavaThread "JDWP Transport Listener: dt_socket" daemon [_thread_blocked, id=28964, stack(0x00000033ebe00000,0x00000033ebf00000)] _threads_hazard_ptr=0x000001fb81d2f3c0
  0x000001fbfe0ce800 JavaThread "JDWP Event Helper Thread" daemon [_thread_blocked, id=27184, stack(0x00000033ebf00000,0x00000033ec000000)]
  0x000001fbfe0cf800 JavaThread "JDWP Command Reader" daemon [_thread_in_native, id=25900, stack(0x00000033ec000000,0x00000033ec100000)]
  0x000001fbfe0b2000 JavaThread "IntelliJ Suspend Helper" daemon [_thread_blocked, id=29576, stack(0x00000033ec100000,0x00000033ec200000)]
  0x000001fbfe2aa800 JavaThread "Service Thread" daemon [_thread_blocked, id=29568, stack(0x00000033ec200000,0x00000033ec300000)]
  0x000001fbff3d7000 JavaThread "ForkJoinPool.commonPool-worker-19" daemon [_thread_blocked, id=26016, stack(0x00000033eca00000,0x00000033ecb00000)]
  0x000001fb8049b000 JavaThread "HttpClient-1-SelectorManager" daemon [_thread_blocked, id=27948, stack(0x00000033ec400000,0x00000033ec500000)]
  0x000001fbff60b000 JavaThread "External Process Output Forwarder - C:\Users\myshl\.cache\selenium\chromedriver\win64\142.0.7444.175\chromedriver.exe" daemon [_thread_in_native, id=14984, stack(0x00000033ec500000,0x00000033ec600000)]
  0x000001fbff61b000 JavaThread "Driver Service Executor" daemon [_thread_blocked, id=10340, stack(0x00000033ecb00000,0x00000033ecc00000)]
  0x000001fbff554800 JavaThread "Driver Service Executor" daemon [_thread_blocked, id=28492, stack(0x00000033ecc00000,0x00000033ecd00000)]
  0x000001fb80522000 JavaThread "UrlChecker-2" daemon [_thread_blocked, id=27800, stack(0x00000033ecd00000,0x00000033ece00000)]
  0x000001fbfe320000 JavaThread "JdkHttpClient-0-0" daemon [_thread_blocked, id=30512, stack(0x00000033ed000000,0x00000033ed100000)]
  0x000001fbfe31e000 JavaThread "CompletableFutureDelayScheduler" daemon [_thread_blocked, id=29764, stack(0x00000033ed100000,0x00000033ed200000)]
  0x000001fbfe322800 JavaThread "JdkHttpClient-0-1" daemon [_thread_blocked, id=29948, stack(0x00000033ed500000,0x00000033ed600000)]
  0x000001fbfe321000 JavaThread "JdkHttpClient-0-2" daemon [_thread_blocked, id=27056, stack(0x00000033ed600000,0x00000033ed700000)]
  0x000001fbfe323800 JavaThread "JdkHttpClient-0-3" daemon [_thread_blocked, id=29960, stack(0x00000033ed700000,0x00000033ed800000)]
  0x000001fb82161800 JavaThread "HttpClient-2-SelectorManager" daemon [_thread_blocked, id=30960, stack(0x00000033ed800000,0x00000033ed900000)]
  0x000001fb82162000 JavaThread "JdkHttpClient-1-0" daemon [_thread_blocked, id=30964, stack(0x00000033ed900000,0x00000033eda00000)]
  0x000001fb82164800 JavaThread "JdkHttpClient-1-1" daemon [_thread_blocked, id=30972, stack(0x00000033eda00000,0x00000033edb00000)]
  0x000001fb82163000 JavaThread "JdkHttpClient-1-2" daemon [_thread_blocked, id=30976, stack(0x00000033edb00000,0x00000033edc00000)]
  0x000001fb82165800 JavaThread "JdkHttpClient-1-3" daemon [_thread_blocked, id=30980, stack(0x00000033edc00000,0x00000033edd00000)]

Other Threads:
=>0x000001fbfd436000 VMThread "VM Thread" [stack: 0x00000033eb500000,0x00000033eb600000] [id=29300]
  0x000001fbfe2f3000 WatcherThread [stack: 0x00000033ec300000,0x00000033ec400000] [id=29564]
  0x000001fbd9664000 GCTaskThread "GC Thread#0" [stack: 0x00000033eb000000,0x00000033eb100000] [id=29132]
  0x000001fbfeee1000 GCTaskThread "GC Thread#1" [stack: 0x00000033ec600000,0x00000033ec700000] [id=30684]
  0x000001fbfeda6800 GCTaskThread "GC Thread#2" [stack: 0x00000033ec700000,0x00000033ec800000] [id=23680]
  0x000001fbfee0a800 GCTaskThread "GC Thread#3" [stack: 0x00000033ec800000,0x00000033ec900000] [id=12300]
  0x000001fbff02b800 GCTaskThread "GC Thread#4" [stack: 0x00000033ec900000,0x00000033eca00000] [id=30236]
  0x000001fbd96c8800 ConcurrentGCThread "G1 Main Marker" [stack: 0x00000033eb100000,0x00000033eb200000] [id=29152]
  0x000001fbd96cc800 ConcurrentGCThread "G1 Conc#0" [stack: 0x00000033eb200000,0x00000033eb300000] [id=29168]
  0x000001fb80542000 ConcurrentGCThread "G1 Conc#1" [stack: 0x00000033ed300000,0x00000033ed400000] [id=30444]
  0x000001fbff02d000 ConcurrentGCThread "G1 Conc#2" [stack: 0x00000033ed400000,0x00000033ed500000] [id=30628]
  0x000001fbfd28c800 ConcurrentGCThread "G1 Refine#0" [stack: 0x00000033eb300000,0x00000033eb400000] [id=29244]
  0x000001fbfd291000 ConcurrentGCThread "G1 Young RemSet Sampling" [stack: 0x00000033eb400000,0x00000033eb500000] [id=28912]

Threads with active compile tasks:

VM state:at safepoint (normal execution)

VM Mutex/Monitor currently owned by a thread:  ([mutex/lock_event])
[0x000001fbd96468c0] Threads_lock - owner thread: 0x000001fbfd436000

Heap address: 0x000000070a400000, size: 3932 MB, Compressed Oops mode: Zero based, Oop shift amount: 3
Narrow klass base: 0x0000000800000000, Narrow klass shift: 0
Compressed class space size: 1073741824 Address: 0x0000000800000000

Heap:
 garbage-first heap   total 251904K, used 24076K [0x000000070a400000, 0x0000000800000000)
  region size 1024K, 22 young (22528K), 6 survivors (6144K)
 Metaspace       used 22904K, capacity 24120K, committed 24368K, reserved 1071104K
  class space    used 2655K, capacity 3161K, committed 3200K, reserved 1048576K
Heap Regions: E=young(eden), S=young(survivor), O=old, HS=humongous(starts), HC=humongous(continues), CS=collection set, F=free, A=archive, TAMS=top-at-mark-start (previous, next)
|   0|0x000000070a400000, 0x000000070a500000, 0x000000070a500000|100%|HS|  |TAMS 0x000000070a500000, 0x000000070a400000| Complete 
|   1|0x000000070a500000, 0x000000070a600000, 0x000000070a600000|100%|HS|  |TAMS 0x000000070a600000, 0x000000070a500000| Complete 
|   2|0x000000070a600000, 0x000000070a600000, 0x000000070a700000|  0%| F|  |TAMS 0x000000070a600000, 0x000000070a600000| Untracked 
|   3|0x000000070a700000, 0x000000070a7e2e00, 0x000000070a800000| 88%| O|  |TAMS 0x000000070a7e2e00, 0x000000070a700000| Untracked 
|   4|0x000000070a800000, 0x000000070a800000, 0x000000070a900000|  0%| F|  |TAMS 0x000000070a800000, 0x000000070a800000| Untracked 
|   5|0x000000070a900000, 0x000000070a900000, 0x000000070aa00000|  0%| F|  |TAMS 0x000000070a900000, 0x000000070a900000| Untracked 
|   6|0x000000070aa00000, 0x000000070aa00000, 0x000000070ab00000|  0%| F|  |TAMS 0x000000070aa00000, 0x000000070aa00000| Untracked 
|   7|0x000000070ab00000, 0x000000070ab00000, 0x000000070ac00000|  0%| F|  |TAMS 0x000000070ab00000, 0x000000070ab00000| Untracked 
|   8|0x000000070ac00000, 0x000000070ac00000, 0x000000070ad00000|  0%| F|  |TAMS 0x000000070ac00000, 0x000000070ac00000| Untracked 
|   9|0x000000070ad00000, 0x000000070ad00000, 0x000000070ae00000|  0%| F|  |TAMS 0x000000070ad00000, 0x000000070ad00000| Untracked 
|  10|0x000000070ae00000, 0x000000070ae00000, 0x000000070af00000|  0%| F|  |TAMS 0x000000070ae00000, 0x000000070ae00000| Untracked 
|  11|0x000000070af00000, 0x000000070af00000, 0x000000070b000000|  0%| F|  |TAMS 0x000000070af00000, 0x000000070af00000| Untracked 
|  12|0x000000070b000000, 0x000000070b000000, 0x000000070b100000|  0%| F|  |TAMS 0x000000070b000000, 0x000000070b000000| Untracked 
|  13|0x000000070b100000, 0x000000070b100000, 0x000000070b200000|  0%| F|  |TAMS 0x000000070b100000, 0x000000070b100000| Untracked 
|  14|0x000000070b200000, 0x000000070b200000, 0x000000070b300000|  0%| F|  |TAMS 0x000000070b200000, 0x000000070b200000| Untracked 
|  15|0x000000070b300000, 0x000000070b300000, 0x000000070b400000|  0%| F|  |TAMS 0x000000070b300000, 0x000000070b300000| Untracked 
|  16|0x000000070b400000, 0x000000070b400000, 0x000000070b500000|  0%| F|  |TAMS 0x000000070b400000, 0x000000070b400000| Untracked 
|  17|0x000000070b500000, 0x000000070b500000, 0x000000070b600000|  0%| F|  |TAMS 0x000000070b500000, 0x000000070b500000| Untracked 
|  18|0x000000070b600000, 0x000000070b600000, 0x000000070b700000|  0%| F|  |TAMS 0x000000070b600000, 0x000000070b600000| Untracked 
|  19|0x000000070b700000, 0x000000070b700000, 0x000000070b800000|  0%| F|  |TAMS 0x000000070b700000, 0x000000070b700000| Untracked 
|  20|0x000000070b800000, 0x000000070b800000, 0x000000070b900000|  0%| F|  |TAMS 0x000000070b800000, 0x000000070b800000| Untracked 
|  21|0x000000070b900000, 0x000000070b900000, 0x000000070ba00000|  0%| F|  |TAMS 0x000000070b900000, 0x000000070b900000| Untracked 
|  22|0x000000070ba00000, 0x000000070ba00000, 0x000000070bb00000|  0%| F|  |TAMS 0x000000070ba00000, 0x000000070ba00000| Untracked 
|  23|0x000000070bb00000, 0x000000070bb00000, 0x000000070bc00000|  0%| F|  |TAMS 0x000000070bb00000, 0x000000070bb00000| Untracked 
|  24|0x000000070bc00000, 0x000000070bc00000, 0x000000070bd00000|  0%| F|  |TAMS 0x000000070bc00000, 0x000000070bc00000| Untracked 
|  25|0x000000070bd00000, 0x000000070bd00000, 0x000000070be00000|  0%| F|  |TAMS 0x000000070bd00000, 0x000000070bd00000| Untracked 
|  26|0x000000070be00000, 0x000000070be00000, 0x000000070bf00000|  0%| F|  |TAMS 0x000000070be00000, 0x000000070be00000| Untracked 
|  27|0x000000070bf00000, 0x000000070bf00000, 0x000000070c000000|  0%| F|  |TAMS 0x000000070bf00000, 0x000000070bf00000| Untracked 
|  28|0x000000070c000000, 0x000000070c000000, 0x000000070c100000|  0%| F|  |TAMS 0x000000070c000000, 0x000000070c000000| Untracked 
|  29|0x000000070c100000, 0x000000070c100000, 0x000000070c200000|  0%| F|  |TAMS 0x000000070c100000, 0x000000070c100000| Untracked 
|  30|0x000000070c200000, 0x000000070c200000, 0x000000070c300000|  0%| F|  |TAMS 0x000000070c200000, 0x000000070c200000| Untracked 
|  31|0x000000070c300000, 0x000000070c300000, 0x000000070c400000|  0%| F|  |TAMS 0x000000070c300000, 0x000000070c300000| Untracked 
|  32|0x000000070c400000, 0x000000070c400000, 0x000000070c500000|  0%| F|  |TAMS 0x000000070c400000, 0x000000070c400000| Untracked 
|  33|0x000000070c500000, 0x000000070c500000, 0x000000070c600000|  0%| F|  |TAMS 0x000000070c500000, 0x000000070c500000| Untracked 
|  34|0x000000070c600000, 0x000000070c600000, 0x000000070c700000|  0%| F|  |TAMS 0x000000070c600000, 0x000000070c600000| Untracked 
|  35|0x000000070c700000, 0x000000070c700000, 0x000000070c800000|  0%| F|  |TAMS 0x000000070c700000, 0x000000070c700000| Untracked 
|  36|0x000000070c800000, 0x000000070c800000, 0x000000070c900000|  0%| F|  |TAMS 0x000000070c800000, 0x000000070c800000| Untracked 
|  37|0x000000070c900000, 0x000000070c900000, 0x000000070ca00000|  0%| F|  |TAMS 0x000000070c900000, 0x000000070c900000| Untracked 
|  38|0x000000070ca00000, 0x000000070ca00000, 0x000000070cb00000|  0%| F|  |TAMS 0x000000070ca00000, 0x000000070ca00000| Untracked 
|  39|0x000000070cb00000, 0x000000070cb00000, 0x000000070cc00000|  0%| F|  |TAMS 0x000000070cb00000, 0x000000070cb00000| Untracked 
|  40|0x000000070cc00000, 0x000000070cc00000, 0x000000070cd00000|  0%| F|  |TAMS 0x000000070cc00000, 0x000000070cc00000| Untracked 
|  41|0x000000070cd00000, 0x000000070cd00000, 0x000000070ce00000|  0%| F|  |TAMS 0x000000070cd00000, 0x000000070cd00000| Untracked 
|  42|0x000000070ce00000, 0x000000070ce00000, 0x000000070cf00000|  0%| F|  |TAMS 0x000000070ce00000, 0x000000070ce00000| Untracked 
|  43|0x000000070cf00000, 0x000000070cf00000, 0x000000070d000000|  0%| F|  |TAMS 0x000000070cf00000, 0x000000070cf00000| Untracked 
|  44|0x000000070d000000, 0x000000070d000000, 0x000000070d100000|  0%| F|  |TAMS 0x000000070d000000, 0x000000070d000000| Untracked 
|  45|0x000000070d100000, 0x000000070d100000, 0x000000070d200000|  0%| F|  |TAMS 0x000000070d100000, 0x000000070d100000| Untracked 
|  46|0x000000070d200000, 0x000000070d200000, 0x000000070d300000|  0%| F|  |TAMS 0x000000070d200000, 0x000000070d200000| Untracked 
|  47|0x000000070d300000, 0x000000070d300000, 0x000000070d400000|  0%| F|  |TAMS 0x000000070d300000, 0x000000070d300000| Untracked 
|  48|0x000000070d400000, 0x000000070d400000, 0x000000070d500000|  0%| F|  |TAMS 0x000000070d400000, 0x000000070d400000| Untracked 
|  49|0x000000070d500000, 0x000000070d500000, 0x000000070d600000|  0%| F|  |TAMS 0x000000070d500000, 0x000000070d500000| Untracked 
|  50|0x000000070d600000, 0x000000070d600000, 0x000000070d700000|  0%| F|  |TAMS 0x000000070d600000, 0x000000070d600000| Untracked 
|  51|0x000000070d700000, 0x000000070d700000, 0x000000070d800000|  0%| F|  |TAMS 0x000000070d700000, 0x000000070d700000| Untracked 
|  52|0x000000070d800000, 0x000000070d800000, 0x000000070d900000|  0%| F|  |TAMS 0x000000070d800000, 0x000000070d800000| Untracked 
|  53|0x000000070d900000, 0x000000070d900000, 0x000000070da00000|  0%| F|  |TAMS 0x000000070d900000, 0x000000070d900000| Untracked 
|  54|0x000000070da00000, 0x000000070da00000, 0x000000070db00000|  0%| F|  |TAMS 0x000000070da00000, 0x000000070da00000| Untracked 
|  55|0x000000070db00000, 0x000000070db00000, 0x000000070dc00000|  0%| F|  |TAMS 0x000000070db00000, 0x000000070db00000| Untracked 
|  56|0x000000070dc00000, 0x000000070dc00000, 0x000000070dd00000|  0%| F|  |TAMS 0x000000070dc00000, 0x000000070dc00000| Untracked 
|  57|0x000000070dd00000, 0x000000070dd00000, 0x000000070de00000|  0%| F|  |TAMS 0x000000070dd00000, 0x000000070dd00000| Untracked 
|  58|0x000000070de00000, 0x000000070de00000, 0x000000070df00000|  0%| F|  |TAMS 0x000000070de00000, 0x000000070de00000| Untracked 
|  59|0x000000070df00000, 0x000000070df00000, 0x000000070e000000|  0%| F|  |TAMS 0x000000070df00000, 0x000000070df00000| Untracked 
|  60|0x000000070e000000, 0x000000070e000000, 0x000000070e100000|  0%| F|  |TAMS 0x000000070e000000, 0x000000070e000000| Untracked 
|  61|0x000000070e100000, 0x000000070e100000, 0x000000070e200000|  0%| F|  |TAMS 0x000000070e100000, 0x000000070e100000| Untracked 
|  62|0x000000070e200000, 0x000000070e200000, 0x000000070e300000|  0%| F|  |TAMS 0x000000070e200000, 0x000000070e200000| Untracked 
|  63|0x000000070e300000, 0x000000070e300000, 0x000000070e400000|  0%| F|  |TAMS 0x000000070e300000, 0x000000070e300000| Untracked 
|  64|0x000000070e400000, 0x000000070e400000, 0x000000070e500000|  0%| F|  |TAMS 0x000000070e400000, 0x000000070e400000| Untracked 
|  65|0x000000070e500000, 0x000000070e500000, 0x000000070e600000|  0%| F|  |TAMS 0x000000070e500000, 0x000000070e500000| Untracked 
|  66|0x000000070e600000, 0x000000070e600000, 0x000000070e700000|  0%| F|  |TAMS 0x000000070e600000, 0x000000070e600000| Untracked 
|  67|0x000000070e700000, 0x000000070e700000, 0x000000070e800000|  0%| F|  |TAMS 0x000000070e700000, 0x000000070e700000| Untracked 
|  68|0x000000070e800000, 0x000000070e800000, 0x000000070e900000|  0%| F|  |TAMS 0x000000070e800000, 0x000000070e800000| Untracked 
|  69|0x000000070e900000, 0x000000070e900000, 0x000000070ea00000|  0%| F|  |TAMS 0x000000070e900000, 0x000000070e900000| Untracked 
|  70|0x000000070ea00000, 0x000000070ea00000, 0x000000070eb00000|  0%| F|  |TAMS 0x000000070ea00000, 0x000000070ea00000| Untracked 
|  71|0x000000070eb00000, 0x000000070eb00000, 0x000000070ec00000|  0%| F|  |TAMS 0x000000070eb00000, 0x000000070eb00000| Untracked 
|  72|0x000000070ec00000, 0x000000070ec00000, 0x000000070ed00000|  0%| F|  |TAMS 0x000000070ec00000, 0x000000070ec00000| Untracked 
|  73|0x000000070ed00000, 0x000000070ed00000, 0x000000070ee00000|  0%| F|  |TAMS 0x000000070ed00000, 0x000000070ed00000| Untracked 
|  74|0x000000070ee00000, 0x000000070ee00000, 0x000000070ef00000|  0%| F|  |TAMS 0x000000070ee00000, 0x000000070ee00000| Untracked 
|  75|0x000000070ef00000, 0x000000070ef00000, 0x000000070f000000|  0%| F|  |TAMS 0x000000070ef00000, 0x000000070ef00000| Untracked 
|  76|0x000000070f000000, 0x000000070f000000, 0x000000070f100000|  0%| F|  |TAMS 0x000000070f000000, 0x000000070f000000| Untracked 
|  77|0x000000070f100000, 0x000000070f100000, 0x000000070f200000|  0%| F|  |TAMS 0x000000070f100000, 0x000000070f100000| Untracked 
|  78|0x000000070f200000, 0x000000070f200000, 0x000000070f300000|  0%| F|  |TAMS 0x000000070f200000, 0x000000070f200000| Untracked 
|  79|0x000000070f300000, 0x000000070f300000, 0x000000070f400000|  0%| F|  |TAMS 0x000000070f300000, 0x000000070f300000| Untracked 
|  80|0x000000070f400000, 0x000000070f400000, 0x000000070f500000|  0%| F|  |TAMS 0x000000070f400000, 0x000000070f400000| Untracked 
|  81|0x000000070f500000, 0x000000070f500000, 0x000000070f600000|  0%| F|  |TAMS 0x000000070f500000, 0x000000070f500000| Untracked 
|  82|0x000000070f600000, 0x000000070f600000, 0x000000070f700000|  0%| F|  |TAMS 0x000000070f600000, 0x000000070f600000| Untracked 
|  83|0x000000070f700000, 0x000000070f700000, 0x000000070f800000|  0%| F|  |TAMS 0x000000070f700000, 0x000000070f700000| Untracked 
|  84|0x000000070f800000, 0x000000070f800000, 0x000000070f900000|  0%| F|  |TAMS 0x000000070f800000, 0x000000070f800000| Untracked 
|  85|0x000000070f900000, 0x000000070f900000, 0x000000070fa00000|  0%| F|  |TAMS 0x000000070f900000, 0x000000070f900000| Untracked 
|  86|0x000000070fa00000, 0x000000070fa00000, 0x000000070fb00000|  0%| F|  |TAMS 0x000000070fa00000, 0x000000070fa00000| Untracked 
|  87|0x000000070fb00000, 0x000000070fb00000, 0x000000070fc00000|  0%| F|  |TAMS 0x000000070fb00000, 0x000000070fb00000| Untracked 
|  88|0x000000070fc00000, 0x000000070fc00000, 0x000000070fd00000|  0%| F|  |TAMS 0x000000070fc00000, 0x000000070fc00000| Untracked 
|  89|0x000000070fd00000, 0x000000070fd00000, 0x000000070fe00000|  0%| F|  |TAMS 0x000000070fd00000, 0x000000070fd00000| Untracked 
|  90|0x000000070fe00000, 0x000000070fe00000, 0x000000070ff00000|  0%| F|  |TAMS 0x000000070fe00000, 0x000000070fe00000| Untracked 
|  91|0x000000070ff00000, 0x000000070ff00000, 0x0000000710000000|  0%| F|  |TAMS 0x000000070ff00000, 0x000000070ff00000| Untracked 
|  92|0x0000000710000000, 0x0000000710000000, 0x0000000710100000|  0%| F|  |TAMS 0x0000000710000000, 0x0000000710000000| Untracked 
|  93|0x0000000710100000, 0x0000000710100000, 0x0000000710200000|  0%| F|  |TAMS 0x0000000710100000, 0x0000000710100000| Untracked 
|  94|0x0000000710200000, 0x0000000710200000, 0x0000000710300000|  0%| F|  |TAMS 0x0000000710200000, 0x0000000710200000| Untracked 
|  95|0x0000000710300000, 0x0000000710300000, 0x0000000710400000|  0%| F|  |TAMS 0x0000000710300000, 0x0000000710300000| Untracked 
|  96|0x0000000710400000, 0x0000000710400000, 0x0000000710500000|  0%| F|  |TAMS 0x0000000710400000, 0x0000000710400000| Untracked 
|  97|0x0000000710500000, 0x0000000710500000, 0x0000000710600000|  0%| F|  |TAMS 0x0000000710500000, 0x0000000710500000| Untracked 
|  98|0x0000000710600000, 0x0000000710600000, 0x0000000710700000|  0%| F|  |TAMS 0x0000000710600000, 0x0000000710600000| Untracked 
|  99|0x0000000710700000, 0x0000000710700000, 0x0000000710800000|  0%| F|  |TAMS 0x0000000710700000, 0x0000000710700000| Untracked 
| 100|0x0000000710800000, 0x0000000710800000, 0x0000000710900000|  0%| F|  |TAMS 0x0000000710800000, 0x0000000710800000| Untracked 
| 101|0x0000000710900000, 0x0000000710900000, 0x0000000710a00000|  0%| F|  |TAMS 0x0000000710900000, 0x0000000710900000| Untracked 
| 102|0x0000000710a00000, 0x0000000710a00000, 0x0000000710b00000|  0%| F|  |TAMS 0x0000000710a00000, 0x0000000710a00000| Untracked 
| 103|0x0000000710b00000, 0x0000000710b00000, 0x0000000710c00000|  0%| F|  |TAMS 0x0000000710b00000, 0x0000000710b00000| Untracked 
| 104|0x0000000710c00000, 0x0000000710c00000, 0x0000000710d00000|  0%| F|  |TAMS 0x0000000710c00000, 0x0000000710c00000| Untracked 
| 105|0x0000000710d00000, 0x0000000710d00000, 0x0000000710e00000|  0%| F|  |TAMS 0x0000000710d00000, 0x0000000710d00000| Untracked 
| 106|0x0000000710e00000, 0x0000000710e00000, 0x0000000710f00000|  0%| F|  |TAMS 0x0000000710e00000, 0x0000000710e00000| Untracked 
| 107|0x0000000710f00000, 0x0000000710f00000, 0x0000000711000000|  0%| F|  |TAMS 0x0000000710f00000, 0x0000000710f00000| Untracked 
| 108|0x0000000711000000, 0x0000000711000000, 0x0000000711100000|  0%| F|  |TAMS 0x0000000711000000, 0x0000000711000000| Untracked 
| 109|0x0000000711100000, 0x0000000711100000, 0x0000000711200000|  0%| F|  |TAMS 0x0000000711100000, 0x0000000711100000| Untracked 
| 110|0x0000000711200000, 0x0000000711200000, 0x0000000711300000|  0%| F|  |TAMS 0x0000000711200000, 0x0000000711200000| Untracked 
| 111|0x0000000711300000, 0x0000000711300000, 0x0000000711400000|  0%| F|  |TAMS 0x0000000711300000, 0x0000000711300000| Untracked 
| 112|0x0000000711400000, 0x0000000711400000, 0x0000000711500000|  0%| F|  |TAMS 0x0000000711400000, 0x0000000711400000| Untracked 
| 113|0x0000000711500000, 0x0000000711500000, 0x0000000711600000|  0%| F|  |TAMS 0x0000000711500000, 0x0000000711500000| Untracked 
| 114|0x0000000711600000, 0x0000000711600000, 0x0000000711700000|  0%| F|  |TAMS 0x0000000711600000, 0x0000000711600000| Untracked 
| 115|0x0000000711700000, 0x0000000711700000, 0x0000000711800000|  0%| F|  |TAMS 0x0000000711700000, 0x0000000711700000| Untracked 
| 116|0x0000000711800000, 0x0000000711800000, 0x0000000711900000|  0%| F|  |TAMS 0x0000000711800000, 0x0000000711800000| Untracked 
| 117|0x0000000711900000, 0x0000000711900000, 0x0000000711a00000|  0%| F|  |TAMS 0x0000000711900000, 0x0000000711900000| Untracked 
| 118|0x0000000711a00000, 0x0000000711a00000, 0x0000000711b00000|  0%| F|  |TAMS 0x0000000711a00000, 0x0000000711a00000| Untracked 
| 119|0x0000000711b00000, 0x0000000711b00000, 0x0000000711c00000|  0%| F|  |TAMS 0x0000000711b00000, 0x0000000711b00000| Untracked 
| 120|0x0000000711c00000, 0x0000000711c00000, 0x0000000711d00000|  0%| F|  |TAMS 0x0000000711c00000, 0x0000000711c00000| Untracked 
| 121|0x0000000711d00000, 0x0000000711d00000, 0x0000000711e00000|  0%| F|  |TAMS 0x0000000711d00000, 0x0000000711d00000| Untracked 
| 122|0x0000000711e00000, 0x0000000711e00000, 0x0000000711f00000|  0%| F|  |TAMS 0x0000000711e00000, 0x0000000711e00000| Untracked 
| 123|0x0000000711f00000, 0x0000000711f00000, 0x0000000712000000|  0%| F|  |TAMS 0x0000000711f00000, 0x0000000711f00000| Untracked 
| 124|0x0000000712000000, 0x0000000712000000, 0x0000000712100000|  0%| F|  |TAMS 0x0000000712000000, 0x0000000712000000| Untracked 
| 125|0x0000000712100000, 0x0000000712100000, 0x0000000712200000|  0%| F|  |TAMS 0x0000000712100000, 0x0000000712100000| Untracked 
| 126|0x0000000712200000, 0x0000000712200000, 0x0000000712300000|  0%| F|  |TAMS 0x0000000712200000, 0x0000000712200000| Untracked 
| 127|0x0000000712300000, 0x0000000712300000, 0x0000000712400000|  0%| F|  |TAMS 0x0000000712300000, 0x0000000712300000| Untracked 
| 128|0x0000000712400000, 0x0000000712400000, 0x0000000712500000|  0%| F|  |TAMS 0x0000000712400000, 0x0000000712400000| Untracked 
| 129|0x0000000712500000, 0x0000000712500000, 0x0000000712600000|  0%| F|  |TAMS 0x0000000712500000, 0x0000000712500000| Untracked 
| 130|0x0000000712600000, 0x0000000712600000, 0x0000000712700000|  0%| F|  |TAMS 0x0000000712600000, 0x0000000712600000| Untracked 
| 131|0x0000000712700000, 0x0000000712700000, 0x0000000712800000|  0%| F|  |TAMS 0x0000000712700000, 0x0000000712700000| Untracked 
| 132|0x0000000712800000, 0x0000000712800000, 0x0000000712900000|  0%| F|  |TAMS 0x0000000712800000, 0x0000000712800000| Untracked 
| 133|0x0000000712900000, 0x0000000712900000, 0x0000000712a00000|  0%| F|  |TAMS 0x0000000712900000, 0x0000000712900000| Untracked 
| 134|0x0000000712a00000, 0x0000000712a00000, 0x0000000712b00000|  0%| F|  |TAMS 0x0000000712a00000, 0x0000000712a00000| Untracked 
| 135|0x0000000712b00000, 0x0000000712b00000, 0x0000000712c00000|  0%| F|  |TAMS 0x0000000712b00000, 0x0000000712b00000| Untracked 
| 136|0x0000000712c00000, 0x0000000712c00000, 0x0000000712d00000|  0%| F|  |TAMS 0x0000000712c00000, 0x0000000712c00000| Untracked 
| 137|0x0000000712d00000, 0x0000000712d00000, 0x0000000712e00000|  0%| F|  |TAMS 0x0000000712d00000, 0x0000000712d00000| Untracked 
| 138|0x0000000712e00000, 0x0000000712e00000, 0x0000000712f00000|  0%| F|  |TAMS 0x0000000712e00000, 0x0000000712e00000| Untracked 
| 139|0x0000000712f00000, 0x0000000712f00000, 0x0000000713000000|  0%| F|  |TAMS 0x0000000712f00000, 0x0000000712f00000| Untracked 
| 140|0x0000000713000000, 0x0000000713000000, 0x0000000713100000|  0%| F|  |TAMS 0x0000000713000000, 0x0000000713000000| Untracked 
| 141|0x0000000713100000, 0x0000000713100000, 0x0000000713200000|  0%| F|  |TAMS 0x0000000713100000, 0x0000000713100000| Untracked 
| 142|0x0000000713200000, 0x0000000713200000, 0x0000000713300000|  0%| F|  |TAMS 0x0000000713200000, 0x0000000713200000| Untracked 
| 143|0x0000000713300000, 0x0000000713300000, 0x0000000713400000|  0%| F|  |TAMS 0x0000000713300000, 0x0000000713300000| Untracked 
| 144|0x0000000713400000, 0x0000000713400000, 0x0000000713500000|  0%| F|  |TAMS 0x0000000713400000, 0x0000000713400000| Untracked 
| 145|0x0000000713500000, 0x0000000713500000, 0x0000000713600000|  0%| F|  |TAMS 0x0000000713500000, 0x0000000713500000| Untracked 
| 146|0x0000000713600000, 0x0000000713600000, 0x0000000713700000|  0%| F|  |TAMS 0x0000000713600000, 0x0000000713600000| Untracked 
| 147|0x0000000713700000, 0x0000000713700000, 0x0000000713800000|  0%| F|  |TAMS 0x0000000713700000, 0x0000000713700000| Untracked 
| 148|0x0000000713800000, 0x0000000713800000, 0x0000000713900000|  0%| F|  |TAMS 0x0000000713800000, 0x0000000713800000| Untracked 
| 149|0x0000000713900000, 0x0000000713900000, 0x0000000713a00000|  0%| F|  |TAMS 0x0000000713900000, 0x0000000713900000| Untracked 
| 150|0x0000000713a00000, 0x0000000713a00000, 0x0000000713b00000|  0%| F|  |TAMS 0x0000000713a00000, 0x0000000713a00000| Untracked 
| 151|0x0000000713b00000, 0x0000000713b00000, 0x0000000713c00000|  0%| F|  |TAMS 0x0000000713b00000, 0x0000000713b00000| Untracked 
| 152|0x0000000713c00000, 0x0000000713c00000, 0x0000000713d00000|  0%| F|  |TAMS 0x0000000713c00000, 0x0000000713c00000| Untracked 
| 153|0x0000000713d00000, 0x0000000713d00000, 0x0000000713e00000|  0%| F|  |TAMS 0x0000000713d00000, 0x0000000713d00000| Untracked 
| 154|0x0000000713e00000, 0x0000000713e00000, 0x0000000713f00000|  0%| F|  |TAMS 0x0000000713e00000, 0x0000000713e00000| Untracked 
| 155|0x0000000713f00000, 0x0000000713f00000, 0x0000000714000000|  0%| F|  |TAMS 0x0000000713f00000, 0x0000000713f00000| Untracked 
| 156|0x0000000714000000, 0x0000000714000000, 0x0000000714100000|  0%| F|  |TAMS 0x0000000714000000, 0x0000000714000000| Untracked 
| 157|0x0000000714100000, 0x0000000714100000, 0x0000000714200000|  0%| F|  |TAMS 0x0000000714100000, 0x0000000714100000| Untracked 
| 158|0x0000000714200000, 0x0000000714200000, 0x0000000714300000|  0%| F|  |TAMS 0x0000000714200000, 0x0000000714200000| Untracked 
| 159|0x0000000714300000, 0x0000000714300000, 0x0000000714400000|  0%| F|  |TAMS 0x0000000714300000, 0x0000000714300000| Untracked 
| 160|0x0000000714400000, 0x0000000714400000, 0x0000000714500000|  0%| F|  |TAMS 0x0000000714400000, 0x0000000714400000| Untracked 
| 161|0x0000000714500000, 0x0000000714500000, 0x0000000714600000|  0%| F|  |TAMS 0x0000000714500000, 0x0000000714500000| Untracked 
| 162|0x0000000714600000, 0x0000000714600000, 0x0000000714700000|  0%| F|  |TAMS 0x0000000714600000, 0x0000000714600000| Untracked 
| 163|0x0000000714700000, 0x0000000714700000, 0x0000000714800000|  0%| F|  |TAMS 0x0000000714700000, 0x0000000714700000| Untracked 
| 164|0x0000000714800000, 0x0000000714800000, 0x0000000714900000|  0%| F|  |TAMS 0x0000000714800000, 0x0000000714800000| Untracked 
| 165|0x0000000714900000, 0x0000000714900000, 0x0000000714a00000|  0%| F|  |TAMS 0x0000000714900000, 0x0000000714900000| Untracked 
| 166|0x0000000714a00000, 0x0000000714a00000, 0x0000000714b00000|  0%| F|  |TAMS 0x0000000714a00000, 0x0000000714a00000| Untracked 
| 167|0x0000000714b00000, 0x0000000714b00000, 0x0000000714c00000|  0%| F|  |TAMS 0x0000000714b00000, 0x0000000714b00000| Untracked 
| 168|0x0000000714c00000, 0x0000000714c00000, 0x0000000714d00000|  0%| F|  |TAMS 0x0000000714c00000, 0x0000000714c00000| Untracked 
| 169|0x0000000714d00000, 0x0000000714d00000, 0x0000000714e00000|  0%| F|  |TAMS 0x0000000714d00000, 0x0000000714d00000| Untracked 
| 170|0x0000000714e00000, 0x0000000714e00000, 0x0000000714f00000|  0%| F|  |TAMS 0x0000000714e00000, 0x0000000714e00000| Untracked 
| 171|0x0000000714f00000, 0x0000000714f00000, 0x0000000715000000|  0%| F|  |TAMS 0x0000000714f00000, 0x0000000714f00000| Untracked 
| 172|0x0000000715000000, 0x0000000715000000, 0x0000000715100000|  0%| F|  |TAMS 0x0000000715000000, 0x0000000715000000| Untracked 
| 173|0x0000000715100000, 0x0000000715100000, 0x0000000715200000|  0%| F|  |TAMS 0x0000000715100000, 0x0000000715100000| Untracked 
| 174|0x0000000715200000, 0x0000000715200000, 0x0000000715300000|  0%| F|  |TAMS 0x0000000715200000, 0x0000000715200000| Untracked 
| 175|0x0000000715300000, 0x0000000715300000, 0x0000000715400000|  0%| F|  |TAMS 0x0000000715300000, 0x0000000715300000| Untracked 
| 176|0x0000000715400000, 0x0000000715400000, 0x0000000715500000|  0%| F|  |TAMS 0x0000000715400000, 0x0000000715400000| Untracked 
| 177|0x0000000715500000, 0x0000000715500000, 0x0000000715600000|  0%| F|  |TAMS 0x0000000715500000, 0x0000000715500000| Untracked 
| 178|0x0000000715600000, 0x0000000715600000, 0x0000000715700000|  0%| F|  |TAMS 0x0000000715600000, 0x0000000715600000| Untracked 
| 179|0x0000000715700000, 0x0000000715700000, 0x0000000715800000|  0%| F|  |TAMS 0x0000000715700000, 0x0000000715700000| Untracked 
| 180|0x0000000715800000, 0x0000000715800000, 0x0000000715900000|  0%| F|  |TAMS 0x0000000715800000, 0x0000000715800000| Untracked 
| 181|0x0000000715900000, 0x0000000715900000, 0x0000000715a00000|  0%| F|  |TAMS 0x0000000715900000, 0x0000000715900000| Untracked 
| 182|0x0000000715a00000, 0x0000000715a00000, 0x0000000715b00000|  0%| F|  |TAMS 0x0000000715a00000, 0x0000000715a00000| Untracked 
| 183|0x0000000715b00000, 0x0000000715b00000, 0x0000000715c00000|  0%| F|  |TAMS 0x0000000715b00000, 0x0000000715b00000| Untracked 
| 184|0x0000000715c00000, 0x0000000715c00000, 0x0000000715d00000|  0%| F|  |TAMS 0x0000000715c00000, 0x0000000715c00000| Untracked 
| 185|0x0000000715d00000, 0x0000000715d00000, 0x0000000715e00000|  0%| F|  |TAMS 0x0000000715d00000, 0x0000000715d00000| Untracked 
| 186|0x0000000715e00000, 0x0000000715e00000, 0x0000000715f00000|  0%| F|  |TAMS 0x0000000715e00000, 0x0000000715e00000| Untracked 
| 187|0x0000000715f00000, 0x0000000715f00000, 0x0000000716000000|  0%| F|  |TAMS 0x0000000715f00000, 0x0000000715f00000| Untracked 
| 188|0x0000000716000000, 0x0000000716000000, 0x0000000716100000|  0%| F|  |TAMS 0x0000000716000000, 0x0000000716000000| Untracked 
| 189|0x0000000716100000, 0x0000000716100000, 0x0000000716200000|  0%| F|  |TAMS 0x0000000716100000, 0x0000000716100000| Untracked 
| 190|0x0000000716200000, 0x0000000716200000, 0x0000000716300000|  0%| F|  |TAMS 0x0000000716200000, 0x0000000716200000| Untracked 
| 191|0x0000000716300000, 0x0000000716300000, 0x0000000716400000|  0%| F|  |TAMS 0x0000000716300000, 0x0000000716300000| Untracked 
| 192|0x0000000716400000, 0x0000000716400000, 0x0000000716500000|  0%| F|  |TAMS 0x0000000716400000, 0x0000000716400000| Untracked 
| 193|0x0000000716500000, 0x0000000716500000, 0x0000000716600000|  0%| F|  |TAMS 0x0000000716500000, 0x0000000716500000| Untracked 
| 194|0x0000000716600000, 0x0000000716600000, 0x0000000716700000|  0%| F|  |TAMS 0x0000000716600000, 0x0000000716600000| Untracked 
| 195|0x0000000716700000, 0x0000000716700000, 0x0000000716800000|  0%| F|  |TAMS 0x0000000716700000, 0x0000000716700000| Untracked 
| 196|0x0000000716800000, 0x0000000716800000, 0x0000000716900000|  0%| F|  |TAMS 0x0000000716800000, 0x0000000716800000| Untracked 
| 197|0x0000000716900000, 0x0000000716900000, 0x0000000716a00000|  0%| F|  |TAMS 0x0000000716900000, 0x0000000716900000| Untracked 
| 198|0x0000000716a00000, 0x0000000716a00000, 0x0000000716b00000|  0%| F|  |TAMS 0x0000000716a00000, 0x0000000716a00000| Untracked 
| 199|0x0000000716b00000, 0x0000000716b00000, 0x0000000716c00000|  0%| F|  |TAMS 0x0000000716b00000, 0x0000000716b00000| Untracked 
| 200|0x0000000716c00000, 0x0000000716c00000, 0x0000000716d00000|  0%| F|  |TAMS 0x0000000716c00000, 0x0000000716c00000| Untracked 
| 201|0x0000000716d00000, 0x0000000716d00000, 0x0000000716e00000|  0%| F|  |TAMS 0x0000000716d00000, 0x0000000716d00000| Untracked 
| 202|0x0000000716e00000, 0x0000000716e00000, 0x0000000716f00000|  0%| F|  |TAMS 0x0000000716e00000, 0x0000000716e00000| Untracked 
| 203|0x0000000716f00000, 0x0000000716fa0250, 0x0000000717000000| 62%| S|CS|TAMS 0x0000000716f00000, 0x0000000716f00000| Complete 
| 204|0x0000000717000000, 0x0000000717100000, 0x0000000717100000|100%| S|CS|TAMS 0x0000000717000000, 0x0000000717000000| Complete 
| 205|0x0000000717100000, 0x0000000717200000, 0x0000000717200000|100%| S|CS|TAMS 0x0000000717100000, 0x0000000717100000| Complete 
| 206|0x0000000717200000, 0x0000000717300000, 0x0000000717300000|100%| S|CS|TAMS 0x0000000717200000, 0x0000000717200000| Complete 
| 207|0x0000000717300000, 0x0000000717400000, 0x0000000717400000|100%| S|CS|TAMS 0x0000000717300000, 0x0000000717300000| Complete 
| 208|0x0000000717400000, 0x0000000717500000, 0x0000000717500000|100%| S|CS|TAMS 0x0000000717400000, 0x0000000717400000| Complete 
| 209|0x0000000717500000, 0x0000000717500000, 0x0000000717600000|  0%| F|  |TAMS 0x0000000717500000, 0x0000000717500000| Untracked 
| 210|0x0000000717600000, 0x0000000717600000, 0x0000000717700000|  0%| F|  |TAMS 0x0000000717600000, 0x0000000717600000| Untracked 
| 211|0x0000000717700000, 0x0000000717700000, 0x0000000717800000|  0%| F|  |TAMS 0x0000000717700000, 0x0000000717700000| Untracked 
| 212|0x0000000717800000, 0x0000000717800000, 0x0000000717900000|  0%| F|  |TAMS 0x0000000717800000, 0x0000000717800000| Untracked 
| 213|0x0000000717900000, 0x0000000717900000, 0x0000000717a00000|  0%| F|  |TAMS 0x0000000717900000, 0x0000000717900000| Untracked 
| 214|0x0000000717a00000, 0x0000000717a00000, 0x0000000717b00000|  0%| F|  |TAMS 0x0000000717a00000, 0x0000000717a00000| Untracked 
| 215|0x0000000717b00000, 0x0000000717b00000, 0x0000000717c00000|  0%| F|  |TAMS 0x0000000717b00000, 0x0000000717b00000| Untracked 
| 216|0x0000000717c00000, 0x0000000717c00000, 0x0000000717d00000|  0%| F|  |TAMS 0x0000000717c00000, 0x0000000717c00000| Untracked 
| 217|0x0000000717d00000, 0x0000000717d00000, 0x0000000717e00000|  0%| F|  |TAMS 0x0000000717d00000, 0x0000000717d00000| Untracked 
| 218|0x0000000717e00000, 0x0000000717e00000, 0x0000000717f00000|  0%| F|  |TAMS 0x0000000717e00000, 0x0000000717e00000| Untracked 
| 219|0x0000000717f00000, 0x0000000717f00000, 0x0000000718000000|  0%| F|  |TAMS 0x0000000717f00000, 0x0000000717f00000| Untracked 
| 220|0x0000000718000000, 0x0000000718000000, 0x0000000718100000|  0%| F|  |TAMS 0x0000000718000000, 0x0000000718000000| Untracked 
| 221|0x0000000718100000, 0x0000000718100000, 0x0000000718200000|  0%| F|  |TAMS 0x0000000718100000, 0x0000000718100000| Untracked 
| 222|0x0000000718200000, 0x0000000718200000, 0x0000000718300000|  0%| F|  |TAMS 0x0000000718200000, 0x0000000718200000| Untracked 
| 223|0x0000000718300000, 0x0000000718300000, 0x0000000718400000|  0%| F|  |TAMS 0x0000000718300000, 0x0000000718300000| Untracked 
| 224|0x0000000718400000, 0x0000000718400000, 0x0000000718500000|  0%| F|  |TAMS 0x0000000718400000, 0x0000000718400000| Untracked 
| 225|0x0000000718500000, 0x0000000718500000, 0x0000000718600000|  0%| F|  |TAMS 0x0000000718500000, 0x0000000718500000| Untracked 
| 226|0x0000000718600000, 0x0000000718600000, 0x0000000718700000|  0%| F|  |TAMS 0x0000000718600000, 0x0000000718600000| Untracked 
| 227|0x0000000718700000, 0x0000000718700000, 0x0000000718800000|  0%| F|  |TAMS 0x0000000718700000, 0x0000000718700000| Untracked 
| 228|0x0000000718800000, 0x0000000718800000, 0x0000000718900000|  0%| F|  |TAMS 0x0000000718800000, 0x0000000718800000| Untracked 
| 229|0x0000000718900000, 0x0000000718900000, 0x0000000718a00000|  0%| F|  |TAMS 0x0000000718900000, 0x0000000718900000| Untracked 
| 230|0x0000000718a00000, 0x0000000718ab24b0, 0x0000000718b00000| 69%| E|  |TAMS 0x0000000718a00000, 0x0000000718a00000| Complete 
| 231|0x0000000718b00000, 0x0000000718c00000, 0x0000000718c00000|100%| E|CS|TAMS 0x0000000718b00000, 0x0000000718b00000| Complete 
| 232|0x0000000718c00000, 0x0000000718d00000, 0x0000000718d00000|100%| E|CS|TAMS 0x0000000718c00000, 0x0000000718c00000| Complete 
| 233|0x0000000718d00000, 0x0000000718e00000, 0x0000000718e00000|100%| E|CS|TAMS 0x0000000718d00000, 0x0000000718d00000| Complete 
| 234|0x0000000718e00000, 0x0000000718f00000, 0x0000000718f00000|100%| E|CS|TAMS 0x0000000718e00000, 0x0000000718e00000| Complete 
| 235|0x0000000718f00000, 0x0000000719000000, 0x0000000719000000|100%| E|CS|TAMS 0x0000000718f00000, 0x0000000718f00000| Complete 
| 236|0x0000000719000000, 0x0000000719100000, 0x0000000719100000|100%| E|CS|TAMS 0x0000000719000000, 0x0000000719000000| Complete 
| 237|0x0000000719100000, 0x0000000719200000, 0x0000000719200000|100%| E|CS|TAMS 0x0000000719100000, 0x0000000719100000| Complete 
| 238|0x0000000719200000, 0x0000000719300000, 0x0000000719300000|100%| E|CS|TAMS 0x0000000719200000, 0x0000000719200000| Complete 
| 239|0x0000000719300000, 0x0000000719400000, 0x0000000719400000|100%| E|CS|TAMS 0x0000000719300000, 0x0000000719300000| Complete 
| 240|0x0000000719400000, 0x0000000719500000, 0x0000000719500000|100%| E|CS|TAMS 0x0000000719400000, 0x0000000719400000| Complete 
| 241|0x0000000719500000, 0x0000000719600000, 0x0000000719600000|100%| E|CS|TAMS 0x0000000719500000, 0x0000000719500000| Complete 
| 242|0x0000000719600000, 0x0000000719700000, 0x0000000719700000|100%| E|CS|TAMS 0x0000000719600000, 0x0000000719600000| Complete 
| 243|0x0000000719700000, 0x0000000719800000, 0x0000000719800000|100%| E|CS|TAMS 0x0000000719700000, 0x0000000719700000| Complete 
| 244|0x0000000719800000, 0x0000000719900000, 0x0000000719900000|100%| E|CS|TAMS 0x0000000719800000, 0x0000000719800000| Complete 
| 245|0x0000000719900000, 0x0000000719a00000, 0x0000000719a00000|100%| E|CS|TAMS 0x0000000719900000, 0x0000000719900000| Complete 

Card table byte_map: [0x000001fbf1c90000,0x000001fbf2440000] _byte_map_base: 0x000001fbee43e000

Marking Bits (Prev, Next): (CMBitMap*) 0x000001fbd96b8510, (CMBitMap*) 0x000001fbd96b84d8
 Prev Bits: [0x000001fbf6960000, 0x000001fbfa6d0000)
 Next Bits: [0x000001fbf2bf0000, 0x000001fbf6960000)

Polling page: 0x000001fbd8990000

Metaspace:

Usage:
  Non-class:     20.47 MB capacity,    19.77 MB ( 97%) used,   573.79 KB (  3%) free+waste,   136.56 KB ( <1%) overhead. 
      Class:      3.09 MB capacity,     2.59 MB ( 84%) used,   437.08 KB ( 14%) free+waste,    68.25 KB (  2%) overhead. 
       Both:     23.55 MB capacity,    22.37 MB ( 95%) used,  1010.87 KB (  4%) free+waste,   204.81 KB ( <1%) overhead. 

Virtual space:
  Non-class space:       22.00 MB reserved,      20.67 MB ( 94%) committed 
      Class space:        1.00 GB reserved,       3.13 MB ( <1%) committed 
             Both:        1.02 GB reserved,      23.80 MB (  2%) committed 

Chunk freelists:
   Non-Class:  0 bytes
       Class:  0 bytes
        Both:  0 bytes

CodeHeap 'non-profiled nmethods': size=120000Kb used=1196Kb max_used=1210Kb free=118803Kb
 bounds [0x000001fbe9510000, 0x000001fbe9780000, 0x000001fbf0a40000]
CodeHeap 'profiled nmethods': size=120000Kb used=4903Kb max_used=5107Kb free=115096Kb
 bounds [0x000001fbe1fe0000, 0x000001fbe24f0000, 0x000001fbe9510000]
CodeHeap 'non-nmethods': size=5760Kb used=1241Kb max_used=1320Kb free=4518Kb
 bounds [0x000001fbe1a40000, 0x000001fbe1cb0000, 0x000001fbe1fe0000]
 total_blobs=3228 nmethods=2010 adapters=410
 compilation: enabled
              stopped_count=0, restarted_count=0
 full_count=0

Compilation events (10 events):
Event: 50.118 Thread 0x000001fbfd4c9000 2262       3       com.intellij.rt.debugger.agent.CaptureStorage$9::call (5 bytes)
Event: 50.118 Thread 0x000001fbfd4c9000 nmethod 2262 0x000001fbe20afe10 code [0x000001fbe20affe0, 0x000001fbe20b0290]
Event: 50.118 Thread 0x000001fbfd4c9000 2263       3       com.intellij.rt.debugger.agent.CaptureStorage$9::call (11 bytes)
Event: 50.118 Thread 0x000001fbfd4c9000 nmethod 2263 0x000001fbe20af910 code [0x000001fbe20afae0, 0x000001fbe20afd30]
Event: 50.121 Thread 0x000001fbfd4c9000 2264       3       java.util.AbstractMap::isEmpty (13 bytes)
Event: 50.121 Thread 0x000001fbfd4c9000 nmethod 2264 0x000001fbe20b2690 code [0x000001fbe20b2860, 0x000001fbe20b2af0]
Event: 50.122 Thread 0x000001fbfd4c9000 2265       3       java.lang.invoke.Invokers$Holder::linkToTargetMethod (10 bytes)
Event: 50.122 Thread 0x000001fbfd4c9000 nmethod 2265 0x000001fbe20b5c90 code [0x000001fbe20b5e60, 0x000001fbe20b6340]
Event: 50.122 Thread 0x000001fbfd4c9000 2266       3       java.lang.Math::min (12 bytes)
Event: 50.122 Thread 0x000001fbfd4c9000 nmethod 2266 0x000001fbe20ba590 code [0x000001fbe20ba740, 0x000001fbe20ba8d8]

GC Heap History (4 events):
Event: 0.932 GC heap before
{Heap before GC invocations=0 (full 0):
 garbage-first heap   total 251904K, used 26624K [0x000000070a400000, 0x0000000800000000)
  region size 1024K, 24 young (24576K), 0 survivors (0K)
 Metaspace       used 10680K, capacity 11005K, committed 11136K, reserved 1058816K
  class space    used 1030K, capacity 1133K, committed 1152K, reserved 1048576K
}
Event: 0.935 GC heap after
{Heap after GC invocations=1 (full 0):
 garbage-first heap   total 251904K, used 6027K [0x000000070a400000, 0x0000000800000000)
  region size 1024K, 3 young (3072K), 3 survivors (3072K)
 Metaspace       used 10680K, capacity 11005K, committed 11136K, reserved 1058816K
  class space    used 1030K, capacity 1133K, committed 1152K, reserved 1048576K
}
Event: 2.695 GC heap before
{Heap before GC invocations=1 (full 0):
 garbage-first heap   total 251904K, used 39819K [0x000000070a400000, 0x0000000800000000)
  region size 1024K, 37 young (37888K), 3 survivors (3072K)
 Metaspace       used 20284K, capacity 21172K, committed 21296K, reserved 1069056K
  class space    used 2269K, capacity 2620K, committed 2688K, reserved 1048576K
}
Event: 2.705 GC heap after
{Heap after GC invocations=2 (full 0):
 garbage-first heap   total 251904K, used 8716K [0x000000070a400000, 0x0000000800000000)
  region size 1024K, 6 young (6144K), 6 survivors (6144K)
 Metaspace       used 20284K, capacity 21172K, committed 21296K, reserved 1069056K
  class space    used 2269K, capacity 2620K, committed 2688K, reserved 1048576K
}

Deoptimization events (10 events):
Event: 8.217 Thread 0x000001fbd9649000 Uncommon trap: reason=unstable_if action=reinterpret pc=0x000001fbe951c4b4 method=java.lang.String.equals(Ljava/lang/Object;)Z @ 27 c2
Event: 8.217 Thread 0x000001fbd9649000 Uncommon trap: reason=unstable_if action=reinterpret pc=0x000001fbe954eb90 method=java.lang.String.getBytes([BIB)V @ 5 c2
Event: 8.944 Thread 0x000001fbd9649000 Uncommon trap: reason=unstable_if action=reinterpret pc=0x000001fbe953ac7c method=java.lang.StringLatin1.canEncode(I)Z @ 4 c2
Event: 8.944 Thread 0x000001fbd9649000 Uncommon trap: reason=unstable_if action=reinterpret pc=0x000001fbe953baa0 method=java.lang.AbstractStringBuilder.isLatin1()Z @ 10 c2
Event: 8.944 Thread 0x000001fbd9649000 Uncommon trap: reason=unstable_if action=reinterpret pc=0x000001fbe954ff68 method=java.lang.AbstractStringBuilder.putStringAt(ILjava/lang/String;)V @ 8 c2
Event: 8.944 Thread 0x000001fbd9649000 Uncommon trap: reason=unstable_if action=reinterpret pc=0x000001fbe958f9ec method=java.lang.AbstractStringBuilder.isLatin1()Z @ 10 c2
Event: 8.944 Thread 0x000001fbd9649000 Uncommon trap: reason=unstable_if action=reinterpret pc=0x000001fbe9572a38 method=java.lang.AbstractStringBuilder.putStringAt(ILjava/lang/String;)V @ 8 c2
Event: 8.945 Thread 0x000001fbd9649000 Uncommon trap: reason=unstable_if action=reinterpret pc=0x000001fbe95843e4 method=java.lang.StringCoding.encodeUTF8(B[BZ)[B @ 2 c2
Event: 9.952 Thread 0x000001fbd9649000 Uncommon trap: reason=unstable_fused_if action=reinterpret pc=0x000001fbe963b220 method=java.io.DataOutputStream.writeUTF(Ljava/lang/String;Ljava/io/DataOutput;)I @ 30 c2
Event: 29.990 Thread 0x000001fbd9649000 Uncommon trap: reason=unstable_if action=reinterpret pc=0x000001fbe9543894 method=java.lang.StringCoding.hasNegatives([BII)Z @ 12 c2

Classes redefined (3 events):
Event: 0.362 Thread 0x000001fbfd436000 redefined class name=java.lang.Throwable, count=1
Event: 121.507 Thread 0x000001fbfd436000 redefined class name=Pobeda.PobedaTest, count=1
Event: 168.979 Thread 0x000001fbfd436000 redefined class name=Pobeda.PobedaTest, count=2

Internal exceptions (10 events):
Event: 2.760 Thread 0x000001fbfe320000 Exception <a 'java/lang/NoSuchMethodError'{0x000000071970e200}: java.lang.invoke.DirectMethodHandle$Holder.invokeSpecial(Ljava/lang/Object;Ljava/lang/Object;Ljava/lang/Object;Ljava/lang/Object;Ljava/lang/Object;I)Ljava/lang/Object;> (0x000000071970e200) t
Event: 2.804 Thread 0x000001fbfe320000 Exception <a 'java/lang/NoSuchMethodError'{0x00000007197d3ef8}: java.lang.invoke.DirectMethodHandle$Holder.invokeStatic(Ljava/lang/Object;JJ)J> (0x00000007197d3ef8) thrown at [t:/workspace/open/src/hotspot/share/interpreter/linkResolver.cpp, line 772]
Event: 3.554 Thread 0x000001fbfe322800 Exception <a 'java/lang/NoSuchMethodError'{0x0000000719580398}: java.lang.invoke.DirectMethodHandle$Holder.invokeStatic(Ljava/lang/Object;Ljava/lang/Object;Ljava/lang/Object;Ljava/lang/Object;Ljava/lang/Object;Ljava/lang/Object;Ljava/lang/Object;Ljava/lan
Event: 3.555 Thread 0x000001fbfe322800 Exception <a 'java/lang/NoSuchMethodError'{0x000000071958dd68}: java.lang.invoke.DirectMethodHandle$Holder.invokeStatic(Ljava/lang/Object;Ljava/lang/Object;Ljava/lang/Object;Ljava/lang/Object;Ljava/lang/Object;Ljava/lang/Object;Ljava/lang/Object;Ljava/lan
Event: 3.565 Thread 0x000001fbfe322800 Exception <a 'java/lang/NoSuchMethodError'{0x00000007195b9550}: java.lang.invoke.DirectMethodHandle$Holder.invokeSpecial(Ljava/lang/Object;Ljava/lang/Object;Ljava/lang/Object;Ljava/lang/Object;Ljava/lang/Object;Ljava/lang/Object;Ljava/lang/Object;)V> (0x0
Event: 3.595 Thread 0x000001fbd9649000 Exception <a 'java/lang/NoSuchMethodError'{0x000000071942e4a8}: java.lang.invoke.DirectMethodHandle$Holder.invokeSpecialIFC(Ljava/lang/Object;Ljava/lang/Object;Ljava/lang/Object;)Ljava/lang/Object;> (0x000000071942e4a8) thrown at [t:/workspace/open/src/ho
Event: 3.855 Thread 0x000001fbd9649000 Exception <a 'java/lang/NoSuchMethodError'{0x0000000718fad5b0}: java.lang.invoke.DirectMethodHandle$Holder.invokeInterface(Ljava/lang/Object;Ljava/lang/Object;)I> (0x0000000718fad5b0) thrown at [t:/workspace/open/src/hotspot/share/interpreter/linkResolver
Event: 3.865 Thread 0x000001fbd9649000 Exception <a 'java/lang/IncompatibleClassChangeError'{0x0000000718fd2d10}: Found class java.lang.Object, but interface was expected> (0x0000000718fd2d10) thrown at [t:/workspace/open/src/hotspot/share/interpreter/linkResolver.cpp, line 838]
Event: 30.031 Thread 0x000001fbd9649000 Exception <a 'java/lang/NoSuchMethodError'{0x0000000718a1a668}: java.lang.invoke.DirectMethodHandle$Holder.invokeSpecial(Ljava/lang/Object;Ljava/lang/Object;IILjava/lang/Object;Ljava/lang/Object;Ljava/lang/Object;)Ljava/lang/Object;> (0x0000000718a1a668) 
Event: 30.032 Thread 0x000001fbd9649000 Exception <a 'java/lang/NoSuchMethodError'{0x0000000718a1e160}: java.lang.invoke.DelegatingMethodHandle$Holder.reinvoke_L(Ljava/lang/Object;IILjava/lang/Object;Ljava/lang/Object;Ljava/lang/Object;)Ljava/lang/Object;> (0x0000000718a1e160) thrown at [t:/wor

Events (10 events):
Event: 168.999 Executing VM operation: ChangeBreakpoints done
Event: 168.999 Executing VM operation: GetFrameCount
Event: 168.999 Executing VM operation: GetFrameCount done
Event: 168.999 Executing VM operation: GetFrameCount
Event: 169.000 Executing VM operation: GetFrameCount done
Event: 169.000 Executing VM operation: GetStackTrace
Event: 169.000 Executing VM operation: GetStackTrace done
Event: 169.007 Executing VM operation: GetFrameLocation
Event: 169.007 Executing VM operation: GetFrameLocation done
Event: 169.007 Executing VM operation: GetOrSetLocal


Dynamic libraries:
0x00007ff703410000 - 0x00007ff703455000 	C:\Users\myshl\Documents\jdk-11.0.2\bin\java.exe
0x00007ffdc3fe0000 - 0x00007ffdc4248000 	C:\WINDOWS\SYSTEM32\ntdll.dll
0x00007ffdc2fa0000 - 0x00007ffdc3069000 	C:\WINDOWS\System32\KERNEL32.DLL
0x00007ffdc1840000 - 0x00007ffdc1c38000 	C:\WINDOWS\System32\KERNELBASE.dll
0x00007ffdc3660000 - 0x00007ffdc3827000 	C:\WINDOWS\System32\USER32.dll
0x00007ffdc1760000 - 0x00007ffdc1787000 	C:\WINDOWS\System32\win32u.dll
0x00007ffdc2f70000 - 0x00007ffdc2f9b000 	C:\WINDOWS\System32\GDI32.dll
0x00007ffdc1630000 - 0x00007ffdc175c000 	C:\WINDOWS\System32\gdi32full.dll
0x00007ffdc1790000 - 0x00007ffdc1833000 	C:\WINDOWS\System32\msvcp_win.dll
0x00007ffdc12b0000 - 0x00007ffdc13fb000 	C:\WINDOWS\System32\ucrtbase.dll
0x00007ffdacf30000 - 0x00007ffdad1c4000 	C:\WINDOWS\WinSxS\amd64_microsoft.windows.common-controls_6595b64144ccf1df_6.0.26100.7019_none_3e06ffa0e335b8a8\COMCTL32.dll
0x00007ffdc2550000 - 0x00007ffdc25f9000 	C:\WINDOWS\System32\msvcrt.dll
0x00007ffdc3620000 - 0x00007ffdc3651000 	C:\WINDOWS\System32\IMM32.DLL
0x00007ffdbddf0000 - 0x00007ffdbde06000 	C:\Users\myshl\Documents\jdk-11.0.2\bin\vcruntime140.dll
0x00007ffdbdd40000 - 0x00007ffdbddea000 	C:\Users\myshl\Documents\jdk-11.0.2\bin\msvcp140.dll
0x00007ffd54770000 - 0x00007ffd55293000 	C:\Users\myshl\Documents\jdk-11.0.2\bin\server\jvm.dll
0x00007ffdc2bb0000 - 0x00007ffdc2c64000 	C:\WINDOWS\System32\ADVAPI32.dll
0x00007ffdc3370000 - 0x00007ffdc3416000 	C:\WINDOWS\System32\sechost.dll
0x00007ffdc2600000 - 0x00007ffdc2718000 	C:\WINDOWS\System32\RPCRT4.dll
0x00007ffdc3e90000 - 0x00007ffdc3e98000 	C:\WINDOWS\System32\PSAPI.DLL
0x00007ffdbec10000 - 0x00007ffdbec1a000 	C:\WINDOWS\SYSTEM32\WSOCK32.dll
0x00007ffdc3570000 - 0x00007ffdc35e4000 	C:\WINDOWS\System32\WS2_32.dll
0x00007ffdb5fb0000 - 0x00007ffdb5fe5000 	C:\WINDOWS\SYSTEM32\WINMM.dll
0x00007ffdbec50000 - 0x00007ffdbec5b000 	C:\WINDOWS\SYSTEM32\VERSION.dll
0x00007ffdbff30000 - 0x00007ffdbff4b000 	C:\WINDOWS\SYSTEM32\kernel.appcore.dll
0x00007ffdbdd20000 - 0x00007ffdbdd31000 	C:\Users\myshl\Documents\jdk-11.0.2\bin\verify.dll
0x00007ffdbb670000 - 0x00007ffdbb8b2000 	C:\WINDOWS\SYSTEM32\DBGHELP.DLL
0x00007ffdc3b00000 - 0x00007ffdc3e8b000 	C:\WINDOWS\System32\combase.dll
0x00007ffdc2cf0000 - 0x00007ffdc2dc7000 	C:\WINDOWS\System32\OLEAUT32.dll
0x00007ffdbd350000 - 0x00007ffdbd38c000 	C:\WINDOWS\SYSTEM32\dbgcore.DLL
0x00007ffdc1c40000 - 0x00007ffdc1ce5000 	C:\WINDOWS\System32\bcryptPrimitives.dll
0x00007ffdbdc80000 - 0x00007ffdbdca8000 	C:\Users\myshl\Documents\jdk-11.0.2\bin\java.dll
0x00007ffda8f10000 - 0x00007ffda8f47000 	C:\Users\myshl\Documents\jdk-11.0.2\bin\jdwp.dll
0x00007ffda1d50000 - 0x00007ffda1d7f000 	C:\Users\myshl\Documents\jdk-11.0.2\bin\instrument.dll
0x00007ffd96730000 - 0x00007ffd96941000 	C:\Users\myshl\AppData\Local\Temp\idea_libasyncProfiler_dll_temp_folder\libasyncProfiler.dll
0x00007ffdbd7a0000 - 0x00007ffdbd7b6000 	C:\Users\myshl\Documents\jdk-11.0.2\bin\zip.dll
0x00007ffdbec40000 - 0x00007ffdbec4a000 	C:\Users\myshl\Documents\jdk-11.0.2\bin\jimage.dll
0x00007ffdc1de0000 - 0x00007ffdc252f000 	C:\WINDOWS\System32\SHELL32.dll
0x00007ffdc14c0000 - 0x00007ffdc162b000 	C:\WINDOWS\System32\wintypes.dll
0x00007ffdbed50000 - 0x00007ffdbf5ad000 	C:\WINDOWS\SYSTEM32\windows.storage.dll
0x00007ffdc3470000 - 0x00007ffdc3562000 	C:\WINDOWS\System32\SHCORE.dll
0x00007ffdc3270000 - 0x00007ffdc32d7000 	C:\WINDOWS\System32\shlwapi.dll
0x00007ffdc1050000 - 0x00007ffdc1079000 	C:\WINDOWS\SYSTEM32\profapi.dll
0x00007ffdbe660000 - 0x00007ffdbe66a000 	C:\Users\myshl\Documents\jdk-11.0.2\bin\dt_socket.dll
0x00007ffdc0520000 - 0x00007ffdc058b000 	C:\WINDOWS\system32\mswsock.dll
0x00007ffdbd780000 - 0x00007ffdbd799000 	C:\Users\myshl\Documents\jdk-11.0.2\bin\net.dll
0x00007ffdb8420000 - 0x00007ffdb8548000 	C:\WINDOWS\SYSTEM32\WINHTTP.dll
0x00007ffdaa7a0000 - 0x00007ffdaa97e000 	C:\WINDOWS\SYSTEM32\urlmon.dll
0x00007ffdaacf0000 - 0x00007ffdaafb5000 	C:\WINDOWS\SYSTEM32\iertutil.dll
0x00007ffdbf920000 - 0x00007ffdbf92d000 	C:\WINDOWS\SYSTEM32\netutils.dll
0x00007ffdaac30000 - 0x00007ffdaac59000 	C:\WINDOWS\SYSTEM32\srvcli.dll
0x00007ffdbd760000 - 0x00007ffdbd773000 	C:\Users\myshl\Documents\jdk-11.0.2\bin\nio.dll
0x00007ffdbf970000 - 0x00007ffdbfa9c000 	C:\WINDOWS\SYSTEM32\DNSAPI.dll
0x00007ffdbf930000 - 0x00007ffdbf964000 	C:\WINDOWS\SYSTEM32\IPHLPAPI.DLL
0x00007ffdc3610000 - 0x00007ffdc361a000 	C:\WINDOWS\System32\NSI.dll
0x00007ffdb8660000 - 0x00007ffdb866b000 	C:\Windows\System32\rasadhlp.dll
0x00007ffdb73d0000 - 0x00007ffdb7456000 	C:\WINDOWS\System32\fwpuclnt.dll
0x00007ffdbdc50000 - 0x00007ffdbdc59000 	C:\Users\myshl\Documents\jdk-11.0.2\bin\management.dll
0x00007ffdbda90000 - 0x00007ffdbda9c000 	C:\Users\myshl\Documents\jdk-11.0.2\bin\management_ext.dll
0x00007ffdaa710000 - 0x00007ffdaa737000 	C:\Users\myshl\Documents\jdk-11.0.2\bin\sunec.dll
0x00007ffdc0910000 - 0x00007ffdc092b000 	C:\WINDOWS\SYSTEM32\CRYPTSP.dll
0x00007ffdbff50000 - 0x00007ffdbff8a000 	C:\WINDOWS\system32\rsaenh.dll
0x00007ffdc05d0000 - 0x00007ffdc05fb000 	C:\WINDOWS\SYSTEM32\USERENV.dll
0x00007ffdc1020000 - 0x00007ffdc104a000 	C:\WINDOWS\SYSTEM32\bcrypt.dll
0x00007ffdc0770000 - 0x00007ffdc077c000 	C:\WINDOWS\SYSTEM32\CRYPTBASE.dll
0x00007ffdb8670000 - 0x00007ffdb868e000 	C:\WINDOWS\SYSTEM32\dhcpcsvc6.DLL
0x00007ffdb7c50000 - 0x00007ffdb7c73000 	C:\WINDOWS\SYSTEM32\dhcpcsvc.DLL

dbghelp: loaded successfully - version: 4.0.5 - missing functions: none
symbol engine: initialized successfully - sym options: 0x614 - pdb path: .;C:\Users\myshl\Documents\jdk-11.0.2\bin;C:\WINDOWS\SYSTEM32;C:\WINDOWS\WinSxS\amd64_microsoft.windows.common-controls_6595b64144ccf1df_6.0.26100.7019_none_3e06ffa0e335b8a8;C:\Users\myshl\Documents\jdk-11.0.2\bin\server;C:\Users\myshl\AppData\Local\Temp\idea_libasyncProfiler_dll_temp_folder

VM Arguments:
jvm_args: -agentlib:jdwp=transport=dt_socket,address=127.0.0.1:58818,suspend=y,server=n -javaagent:C:\Users\myshl\AppData\Local\JetBrains\IdeaIC2025.2\captureAgent\debugger-agent.jar=file:///C:/Users/myshl/AppData/Local/Temp/capture13921814678151164130.props -ea -agentpath:C:\Users\myshl\AppData\Local\Temp\idea_libasyncProfiler_dll_temp_folder\libasyncProfiler.dll=version,jfr,event=wall,interval=10ms,cstack=no,file=C:\Users\myshl\IdeaSnapshots\PobedaTest_2025_12_07_201433.jfr,dbghelppath=C:\Users\myshl\AppData\Local\Temp\idea_dbghelp_dll_temp_folder1\dbghelp.dll,log=C:\Users\myshl\AppData\Local\Temp\PobedaTest_2025_12_07_201433.jfr.log.txt,logLevel=DEBUG -Didea.test.cyclic.buffer.size=1048576 -Dkotlinx.coroutines.debug.enable.creation.stack.trace=false -Ddebugger.agent.enable.coroutines=true -Dkotlinx.coroutines.debug.enable.flows.stack.trace=true -Dkotlinx.coroutines.debug.enable.mutable.state.flows.stack.trace=true -Dfile.encoding=UTF-8 
java_command: com.intellij.rt.junit.JUnitStarter -ideVersion5 -junit5 Pobeda.PobedaTest
java_class_path (initial): C:\Users\myshl\.m2\repository\org\junit\platform\junit-platform-launcher\1.8.1\junit-platform-launcher-1.8.1.jar;C:\Program Files\JetBrains\IntelliJ IDEA Community Edition 2025.2\lib\idea_rt.jar;C:\Program Files\JetBrains\IntelliJ IDEA Community Edition 2025.2\plugins\junit\lib\junit5-rt.jar;C:\Program Files\JetBrains\IntelliJ IDEA Community Edition 2025.2\plugins\junit\lib\junit-rt.jar;C:\Users\myshl\IdeaProjects\Selenium\target\classes;C:\Users\myshl\.m2\repository\org\junit\jupiter\junit-jupiter\5.8.1\junit-jupiter-5.8.1.jar;C:\Users\myshl\.m2\repository\org\junit\jupiter\junit-jupiter-api\5.8.1\junit-jupiter-api-5.8.1.jar;C:\Users\myshl\.m2\repository\org\opentest4j\opentest4j\1.2.0\opentest4j-1.2.0.jar;C:\Users\myshl\.m2\repository\org\junit\platform\junit-platform-commons\1.8.1\junit-platform-commons-1.8.1.jar;C:\Users\myshl\.m2\repository\org\apiguardian\apiguardian-api\1.1.2\apiguardian-api-1.1.2.jar;C:\Users\myshl\.m2\repository\org\junit\jupiter\junit-jupiter-params\5.8.1\junit-jupiter-params-5.8.1.jar;C:\Users\myshl\.m2\repository\org\junit\jupiter\junit-jupiter-engine\5.8.1\junit-jupiter-engine-5.8.1.jar;C:\Users\myshl\.m2\repository\org\junit\platform\junit-platform-engine\1.8.1\junit-platform-engine-1.8.1.jar;C:\Users\myshl\.m2\repository\org\awaitility\awaitility\4.3.0\awaitility-4.3.0.jar;C:\Users\myshl\.m2\repository\org\hamcrest\hamcrest\2.1\hamcrest-2.1.jar;C:\Users\myshl\.m2\repository\org\projectlombok\lombok\1.18.42\lombok-1.18.42.jar;C:\Users\myshl\.m2\repository\org\seleniumhq\selenium\selenium-java\4.38.0\selenium-java-4.38.0.jar;C:\Users\myshl\.m2\repository\org\seleniumhq\selenium\selenium-api\4.38.0\selenium-api-4.38.0.jar;C:\Users\myshl\.m2\repository\org\jspecify\jspecify\1.0.0\jspecify-1.0.0.jar;C:\Users\myshl\.m2\repository\org\seleniumhq\selenium\selenium-chrome-driver\4.38.0\selenium-chrome-driver-4.38.0.jar;C:\Users\myshl\.m2\repository\com\google\auto\service\auto-service-annotations\1.1.1\auto-service
Launcher Type: SUN_STANDARD

[Global flags]
     intx CICompilerCount                          = 4                                         {product} {ergonomic}
     uint ConcGCThreads                            = 3                                         {product} {ergonomic}
     uint G1ConcRefinementThreads                  = 10                                        {product} {ergonomic}
   size_t G1HeapRegionSize                         = 1048576                                   {product} {ergonomic}
    uintx GCDrainStackTargetSize                   = 64                                        {product} {ergonomic}
   size_t InitialHeapSize                          = 257949696                                 {product} {ergonomic}
   size_t MarkStackSize                            = 4194304                                   {product} {ergonomic}
   size_t MaxHeapSize                              = 4123000832                                {product} {ergonomic}
   size_t MaxNewSize                               = 2473590784                                {product} {ergonomic}
   size_t MinHeapDeltaBytes                        = 1048576                                   {product} {ergonomic}
    uintx NonNMethodCodeHeapSize                   = 5835340                                {pd product} {ergonomic}
    uintx NonProfiledCodeHeapSize                  = 122911450                              {pd product} {ergonomic}
    uintx ProfiledCodeHeapSize                     = 122911450                              {pd product} {ergonomic}
    uintx ReservedCodeCacheSize                    = 251658240                              {pd product} {ergonomic}
     bool SegmentedCodeCache                       = true                                      {product} {ergonomic}
     bool UseCompressedClassPointers               = true                                 {lp64_product} {ergonomic}
     bool UseCompressedOops                        = true                                 {lp64_product} {ergonomic}
     bool UseG1GC                                  = true                                      {product} {ergonomic}
     bool UseLargePagesIndividualAllocation        = false                                  {pd product} {ergonomic}

Logging:
Log output configuration:
 #0: stdout all=warning uptime,level,tags
 #1: stderr all=off uptime,level,tags

Environment Variables:
JAVA_HOME=C:\Users\myshl\Documents\jdk-24.0.1
PATH=C:\WINDOWS\system32;C:\WINDOWS;C:\WINDOWS\System32\Wbem;C:\WINDOWS\System32\WindowsPowerShell\v1.0\;C:\WINDOWS\System32\OpenSSH\;C:\Program Files (x86)\NVIDIA Corporation\PhysX\Common;C:\Users\myshl\AppData\Local\Microsoft\WindowsApps;C:\Users\myshl\AppData\Local\GitHubDesktop\bin;C:\Users\myshl\Documents\jdk-24.0.1\bin;
USERNAME=myshl
OS=Windows_NT
PROCESSOR_IDENTIFIER=AMD64 Family 25 Model 80 Stepping 0, AuthenticAMD



---------------  S Y S T E M  ---------------

OS: Windows 10 , 64 bit Build 26100 (10.0.26100.7019)

CPU:total 12 (initial active 12) (12 cores per cpu, 2 threads per core) family 25 model 80 stepping 0, cmov, cx8, fxsr, mmx, sse, sse2, sse3, ssse3, sse4.1, sse4.2, popcnt, avx, avx2, aes, clmul, erms, mmxext, 3dnowpref, lzcnt, sse4a, ht, tsc, tscinvbit, tscinv, bmi1, bmi2, adx, sha, fma

Memory: 4k page, system-wide physical 15724M (6665M free)
TotalPageFile size 27983M (AvailPageFile size 8263M)
current process WorkingSet (physical memory assigned to process): 139M, peak: 171M
current process commit charge ("private bytes"): 396M, peak: 426M

vm_info: OpenJDK 64-Bit Server VM (11.0.2+9) for windows-amd64 JRE (11.0.2+9), built on Jan 18 2019 05:23:22 by "mach5one" with MS VC++ 15.5 (VS2017)

END.
